SF:/Users/runner/work/SwiftUIPlus/SwiftUIPlus/Sources/SwiftUIPlus/Components/PlaceholderTextEditor/PlaceholderTextEditor.swift
FN:23,$s11SwiftUIPlus21PlaceholderTextEditorV4bodyQrvg
FN:24,$s11SwiftUIPlus21PlaceholderTextEditorV4bodyQrvg0A2UI9TupleViewVyAE0I0PAEE10background_9alignmentQrqd___AE9AlignmentVtAeHRd__lFQOyAiEE15foregroundColoryQrAE0N0VSgFQOyAE0dE0V_Qo__APQo__AiEE16allowsHitTestingyQrSbFQOyAiEE7paddingyQrAE4EdgeO3SetV_12CoreGraphics7CGFloatVSgtFQOyAiEEAWyQrA__A3_tFQOyAE0D0V_Qo__Qo__Qo_SgtGyXEfU_
FN:41,$s11SwiftUIPlus21PlaceholderTextEditorV4text11placeholderAC0A2UI7BindingVySSG_SStcfC
FN:48,$s11SwiftUIPlus21PlaceholderTextEditorV15placeholderFontyAC0A2UI0G0VF
FN:54,$s11SwiftUIPlus21PlaceholderTextEditorV16placeholderColoryAC0A2UI0G0VF
FN:60,$s11SwiftUIPlus21PlaceholderTextEditorV20placeholderAlignmentyAC0A2UI0G0VF
FN:66,$s11SwiftUIPlus21PlaceholderTextEditorV9textColoryAC0A2UI0G0VF
FN:72,$s11SwiftUIPlus21PlaceholderTextEditorV24textFieldBackgroundColoryAC0A2UI0I0VF
FN:80,$s11SwiftUIPlus21PlaceholderTextEditorV12resolvedFont33_322172BDCD01B04DEABFCB5086B94D9BLL0A2UI0G0Vvg
FN:81,$s11SwiftUIPlus21PlaceholderTextEditorV12resolvedFont33_322172BDCD01B04DEABFCB5086B94D9BLL0A2UI0G0VvgAHyKXEfu_
FN:84,$s11SwiftUIPlus21PlaceholderTextEditorV08resolvedC5Color33_322172BDCD01B04DEABFCB5086B94D9BLL0A2UI0G0Vvg
FN:85,$s11SwiftUIPlus21PlaceholderTextEditorV08resolvedC5Color33_322172BDCD01B04DEABFCB5086B94D9BLL0A2UI0G0VvgAHyKXEfu_
FN:88,$s11SwiftUIPlus21PlaceholderTextEditorV17resolvedAlignment33_322172BDCD01B04DEABFCB5086B94D9BLL0A2UI0G0Vvg
FN:89,$s11SwiftUIPlus21PlaceholderTextEditorV17resolvedAlignment33_322172BDCD01B04DEABFCB5086B94D9BLL0A2UI0G0VvgAHyKXEfu_
FN:92,$s11SwiftUIPlus21PlaceholderTextEditorV08resolvedD5Color33_322172BDCD01B04DEABFCB5086B94D9BLL0A2UI0G0Vvg
FN:93,$s11SwiftUIPlus21PlaceholderTextEditorV08resolvedD5Color33_322172BDCD01B04DEABFCB5086B94D9BLL0A2UI0G0VvgAHyKXEfu_
FN:96,$s11SwiftUIPlus21PlaceholderTextEditorV23resolvedBackgroundColor33_322172BDCD01B04DEABFCB5086B94D9BLL0A2UI0H0Vvg
FN:97,$s11SwiftUIPlus21PlaceholderTextEditorV23resolvedBackgroundColor33_322172BDCD01B04DEABFCB5086B94D9BLL0A2UI0H0VvgAHyKXEfu_
FNDA:0,$s11SwiftUIPlus21PlaceholderTextEditorV4bodyQrvg
FNDA:0,$s11SwiftUIPlus21PlaceholderTextEditorV4bodyQrvg0A2UI9TupleViewVyAE0I0PAEE10background_9alignmentQrqd___AE9AlignmentVtAeHRd__lFQOyAiEE15foregroundColoryQrAE0N0VSgFQOyAE0dE0V_Qo__APQo__AiEE16allowsHitTestingyQrSbFQOyAiEE7paddingyQrAE4EdgeO3SetV_12CoreGraphics7CGFloatVSgtFQOyAiEEAWyQrA__A3_tFQOyAE0D0V_Qo__Qo__Qo_SgtGyXEfU_
FNDA:0,$s11SwiftUIPlus21PlaceholderTextEditorV4text11placeholderAC0A2UI7BindingVySSG_SStcfC
FNDA:0,$s11SwiftUIPlus21PlaceholderTextEditorV15placeholderFontyAC0A2UI0G0VF
FNDA:0,$s11SwiftUIPlus21PlaceholderTextEditorV16placeholderColoryAC0A2UI0G0VF
FNDA:0,$s11SwiftUIPlus21PlaceholderTextEditorV20placeholderAlignmentyAC0A2UI0G0VF
FNDA:0,$s11SwiftUIPlus21PlaceholderTextEditorV9textColoryAC0A2UI0G0VF
FNDA:0,$s11SwiftUIPlus21PlaceholderTextEditorV24textFieldBackgroundColoryAC0A2UI0I0VF
FNDA:0,$s11SwiftUIPlus21PlaceholderTextEditorV12resolvedFont33_322172BDCD01B04DEABFCB5086B94D9BLL0A2UI0G0Vvg
FNDA:0,$s11SwiftUIPlus21PlaceholderTextEditorV12resolvedFont33_322172BDCD01B04DEABFCB5086B94D9BLL0A2UI0G0VvgAHyKXEfu_
FNDA:0,$s11SwiftUIPlus21PlaceholderTextEditorV08resolvedC5Color33_322172BDCD01B04DEABFCB5086B94D9BLL0A2UI0G0Vvg
FNDA:0,$s11SwiftUIPlus21PlaceholderTextEditorV08resolvedC5Color33_322172BDCD01B04DEABFCB5086B94D9BLL0A2UI0G0VvgAHyKXEfu_
FNDA:0,$s11SwiftUIPlus21PlaceholderTextEditorV17resolvedAlignment33_322172BDCD01B04DEABFCB5086B94D9BLL0A2UI0G0Vvg
FNDA:0,$s11SwiftUIPlus21PlaceholderTextEditorV17resolvedAlignment33_322172BDCD01B04DEABFCB5086B94D9BLL0A2UI0G0VvgAHyKXEfu_
FNDA:0,$s11SwiftUIPlus21PlaceholderTextEditorV08resolvedD5Color33_322172BDCD01B04DEABFCB5086B94D9BLL0A2UI0G0Vvg
FNDA:0,$s11SwiftUIPlus21PlaceholderTextEditorV08resolvedD5Color33_322172BDCD01B04DEABFCB5086B94D9BLL0A2UI0G0VvgAHyKXEfu_
FNDA:0,$s11SwiftUIPlus21PlaceholderTextEditorV23resolvedBackgroundColor33_322172BDCD01B04DEABFCB5086B94D9BLL0A2UI0H0Vvg
FNDA:0,$s11SwiftUIPlus21PlaceholderTextEditorV23resolvedBackgroundColor33_322172BDCD01B04DEABFCB5086B94D9BLL0A2UI0H0VvgAHyKXEfu_
FNF:18
FNH:0
DA:23,0
DA:24,0
DA:25,0
DA:26,0
DA:27,0
DA:28,0
DA:29,0
DA:30,0
DA:31,0
DA:32,0
DA:33,0
DA:34,0
DA:35,0
DA:36,0
DA:37,0
DA:38,0
DA:41,0
DA:42,0
DA:43,0
DA:44,0
DA:48,0
DA:49,0
DA:50,0
DA:51,0
DA:52,0
DA:54,0
DA:55,0
DA:56,0
DA:57,0
DA:58,0
DA:60,0
DA:61,0
DA:62,0
DA:63,0
DA:64,0
DA:66,0
DA:67,0
DA:68,0
DA:69,0
DA:70,0
DA:72,0
DA:73,0
DA:74,0
DA:75,0
DA:76,0
DA:80,0
DA:81,0
DA:82,0
DA:84,0
DA:85,0
DA:86,0
DA:88,0
DA:89,0
DA:90,0
DA:92,0
DA:93,0
DA:94,0
DA:96,0
DA:97,0
DA:98,0
BRF:0
BRH:0
LF:79
LH:0
end_of_record
SF:/Users/runner/work/SwiftUIPlus/SwiftUIPlus/Sources/SwiftUIPlus/Components/PlaceholderTextEditor/PlaceholderTextEditorView.swift
FN:28,$s11SwiftUIPlus25PlaceholderTextEditorViewV4text11placeholder4font0H5Color9alignment0gJ0010backgroundJ0AC0A2UI7BindingVySSG_SSAK4FontVAK0J0VAK9AlignmentVA2RtcfC
FN:38,$s11SwiftUIPlus25PlaceholderTextEditorViewV4bodyQrvg
FNDA:0,$s11SwiftUIPlus25PlaceholderTextEditorViewV4text11placeholder4font0H5Color9alignment0gJ0010backgroundJ0AC0A2UI7BindingVySSG_SSAK4FontVAK0J0VAK9AlignmentVA2RtcfC
FNDA:0,$s11SwiftUIPlus25PlaceholderTextEditorViewV4bodyQrvg
FNF:2
FNH:0
DA:28,0
DA:29,0
DA:30,0
DA:31,0
DA:32,0
DA:33,0
DA:34,0
DA:35,0
DA:36,0
DA:38,0
DA:39,0
DA:40,0
DA:41,0
DA:42,0
DA:43,0
DA:44,0
DA:45,0
BRF:0
BRH:0
LF:17
LH:0
end_of_record
SF:/Users/runner/work/SwiftUIPlus/SwiftUIPlus/Sources/SwiftUIPlus/Components/PlaceholderTextEditor/PlaceholderTextEditorView_Previews.swift
FN:14,$s11SwiftUIPlus34PlaceholderTextEditorView_PreviewsV8previewsQrvgZ
FNDA:0,$s11SwiftUIPlus34PlaceholderTextEditorView_PreviewsV8previewsQrvgZ
FNF:1
FNH:0
DA:14,0
DA:15,0
DA:16,0
DA:17,0
DA:18,0
DA:19,0
DA:20,0
DA:21,0
DA:22,0
DA:23,0
DA:24,0
DA:25,0
DA:26,0
BRF:0
BRH:0
LF:13
LH:0
end_of_record
SF:/Users/runner/work/SwiftUIPlus/SwiftUIPlus/Sources/SwiftUIPlus/SwiftUIPlus.swift
FN:20,$s11SwiftUIPlusAAO21placeholderTextEditor4text0C0Qr0A2UI7BindingVySSG_SStFZ
FNDA:0,$s11SwiftUIPlusAAO21placeholderTextEditor4text0C0Qr0A2UI7BindingVySSG_SStFZ
FNF:1
FNH:0
DA:20,0
DA:21,0
DA:22,0
BRF:0
BRH:0
LF:3
LH:0
end_of_record
SF:/Users/runner/work/SwiftUIPlus/SwiftUIPlus/Sources/SwiftUIPlus/Theme/SwiftUIPlusTheme.swift
FN:33,$s7SwiftUI17EnvironmentValuesV0A6UIPlusE05swiftE5ThemeAD0aeG0Vvg
FN:34,$s7SwiftUI17EnvironmentValuesV0A6UIPlusE05swiftE5ThemeAD0aeG0Vvs
FNDA:0,$s7SwiftUI17EnvironmentValuesV0A6UIPlusE05swiftE5ThemeAD0aeG0Vvg
FNDA:0,$s7SwiftUI17EnvironmentValuesV0A6UIPlusE05swiftE5ThemeAD0aeG0Vvs
FNF:2
FNH:0
DA:33,0
DA:34,0
BRF:0
BRH:0
LF:2
LH:0
end_of_record
SF:/Users/runner/work/SwiftUIPlus/SwiftUIPlus/Tests/SwiftUIPlusTests/SwiftUIPlusTests.swift
FN:6,$s16SwiftUIPlusTestsAAC11testExampleyyKF
FN:16,$s16SwiftUIPlusTests0ab5ThemeC0C011testDefaultD6ValuesyyF
FN:18,$s16SwiftUIPlusTests0ab5ThemeC0C011testDefaultD6ValuesyyF0A2UI5ColorVyKXEfu_
FN:18,$s16SwiftUIPlusTests0ab5ThemeC0C011testDefaultD6ValuesyyF0A2UI5ColorVyKXEfu0_
FN:19,$s16SwiftUIPlusTests0ab5ThemeC0C011testDefaultD6ValuesyyF0A2UI5ColorVyKXEfu1_
FN:19,$s16SwiftUIPlusTests0ab5ThemeC0C011testDefaultD6ValuesyyF0A2UI5ColorVyKXEfu2_
FN:20,$s16SwiftUIPlusTests0ab5ThemeC0C011testDefaultD6ValuesyyF0A2UI5ColorVyKXEfu3_
FN:20,$s16SwiftUIPlusTests0ab5ThemeC0C011testDefaultD6ValuesyyF0A2UI5ColorVyKXEfu4_
FN:21,$s16SwiftUIPlusTests0ab5ThemeC0C011testDefaultD6ValuesyyF0A2UI5ColorVyKXEfu5_
FN:21,$s16SwiftUIPlusTests0ab5ThemeC0C011testDefaultD6ValuesyyF0A2UI5ColorVyKXEfu6_
FN:26,$s16SwiftUIPlusTests021PlaceholderTextEditorC0C24testResolvedFontFallbackyyF
FN:39,$s16SwiftUIPlusTests021PlaceholderTextEditorC0C24testResolvedFontFallbackyyF0A2UI0I0VyKXEfu_
FN:41,$s16SwiftUIPlusTests021PlaceholderTextEditorC0C24testResolvedFontFallbackyyFypSgyKXEfu0_
FNDA:1,$s16SwiftUIPlusTestsAAC11testExampleyyKF
FNDA:1,$s16SwiftUIPlusTests0ab5ThemeC0C011testDefaultD6ValuesyyF
FNDA:1,$s16SwiftUIPlusTests0ab5ThemeC0C011testDefaultD6ValuesyyF0A2UI5ColorVyKXEfu_
FNDA:1,$s16SwiftUIPlusTests0ab5ThemeC0C011testDefaultD6ValuesyyF0A2UI5ColorVyKXEfu0_
FNDA:1,$s16SwiftUIPlusTests0ab5ThemeC0C011testDefaultD6ValuesyyF0A2UI5ColorVyKXEfu1_
FNDA:1,$s16SwiftUIPlusTests0ab5ThemeC0C011testDefaultD6ValuesyyF0A2UI5ColorVyKXEfu2_
FNDA:1,$s16SwiftUIPlusTests0ab5ThemeC0C011testDefaultD6ValuesyyF0A2UI5ColorVyKXEfu3_
FNDA:1,$s16SwiftUIPlusTests0ab5ThemeC0C011testDefaultD6ValuesyyF0A2UI5ColorVyKXEfu4_
FNDA:1,$s16SwiftUIPlusTests0ab5ThemeC0C011testDefaultD6ValuesyyF0A2UI5ColorVyKXEfu5_
FNDA:1,$s16SwiftUIPlusTests0ab5ThemeC0C011testDefaultD6ValuesyyF0A2UI5ColorVyKXEfu6_
FNDA:1,$s16SwiftUIPlusTests021PlaceholderTextEditorC0C24testResolvedFontFallbackyyF
FNDA:0,$s16SwiftUIPlusTests021PlaceholderTextEditorC0C24testResolvedFontFallbackyyF0A2UI0I0VyKXEfu_
FNDA:1,$s16SwiftUIPlusTests021PlaceholderTextEditorC0C24testResolvedFontFallbackyyFypSgyKXEfu0_
FNF:13
FNH:12
DA:6,1
DA:7,1
DA:8,1
DA:9,1
DA:10,1
DA:11,1
DA:12,1
DA:16,1
DA:17,1
DA:18,1
DA:19,1
DA:20,1
DA:21,1
DA:22,1
DA:26,1
DA:27,1
DA:28,1
DA:29,1
DA:30,1
DA:31,1
DA:32,1
DA:33,1
DA:34,1
DA:35,1
DA:36,1
DA:37,1
DA:38,1
DA:39,1
DA:40,1
DA:41,1
DA:42,1
BRF:0
BRH:0
LF:41
LH:40
end_of_record
